<?xml version="1.0" encoding="UTF-8" ?>
<testsuites name="vitest tests" tests="6" failures="0" errors="0" time="0.293700876">
    <testsuite name="tests/chain-events.test.ts" timestamp="2025-01-24T10:38:32.193Z" hostname="Simon-Valenta-LT0GCW912X-MacBook-Pro" tests="1" failures="0" errors="0" skipped="0" time="0.068849417">
        <testcase classname="tests/chain-events.test.ts" name="chain-event &gt; should create more complicated pipeline in Marquez" time="0.068424167">
        </testcase>
    </testsuite>
    <testsuite name="tests/config-file.test.ts" timestamp="2025-01-24T10:38:32.194Z" hostname="Simon-Valenta-LT0GCW912X-MacBook-Pro" tests="1" failures="0" errors="0" skipped="0" time="0.004481542">
        <testcase classname="tests/config-file.test.ts" name="ConfigFile &gt; should initialize client from config file if one is present" time="0.004050667">
        </testcase>
    </testsuite>
    <testsuite name="tests/console-transport.test.ts" timestamp="2025-01-24T10:38:32.194Z" hostname="Simon-Valenta-LT0GCW912X-MacBook-Pro" tests="1" failures="0" errors="0" skipped="0" time="0.048943834">
        <testcase classname="tests/console-transport.test.ts" name="ConsoleTransport &gt; should emit an event to the console" time="0.048522959">
        </testcase>
    </testsuite>
    <testsuite name="tests/default-scenario.test.ts" timestamp="2025-01-24T10:38:32.194Z" hostname="Simon-Valenta-LT0GCW912X-MacBook-Pro" tests="1" failures="0" errors="0" skipped="0" time="0.04687175">
        <testcase classname="tests/default-scenario.test.ts" name="DefaultScenario &gt; Creates client sets up a transport and transports an event" time="0.046405792">
        </testcase>
    </testsuite>
    <testsuite name="tests/event-creation.test.ts" timestamp="2025-01-24T10:38:32.195Z" hostname="Simon-Valenta-LT0GCW912X-MacBook-Pro" tests="1" failures="0" errors="0" skipped="0" time="0.068271041">
        <testcase classname="tests/event-creation.test.ts" name="Event Creation &gt; should comply with the OpenLineage schema" time="0.067795875">
        </testcase>
    </testsuite>
    <testsuite name="tests/http-transport.test.ts" timestamp="2025-01-24T10:38:32.195Z" hostname="Simon-Valenta-LT0GCW912X-MacBook-Pro" tests="1" failures="0" errors="0" skipped="0" time="0.056283292">
        <testcase classname="tests/http-transport.test.ts" name="HttpTransport &gt; should shoot a run event at Marquez" time="0.055887542">
        </testcase>
    </testsuite>
</testsuites>
